2021-05-16 18:05:34 



















2021-05-16 18:05:34 Coinbear version v0.8.7.5-unk-beta ()
2021-05-16 18:05:34 Using OpenSSL version OpenSSL 1.0.2n  7 Dec 2017
2021-05-16 18:05:34 Default data directory /home/coinbear/.coinbear
2021-05-16 18:05:34 Using data directory /home/coinbear/.coinbear
2021-05-16 18:05:34 Using at most 125 connections (1024 file descriptors available)
2021-05-16 18:05:34 Using 4 threads for script verification
2021-05-16 18:05:34 init message: Verifying wallet...
2021-05-16 18:05:34 dbenv.open LogDir=/home/coinbear/.coinbear/database ErrorFile=/home/coinbear/.coinbear/db.log
2021-05-16 18:05:34 Bound to [::]:2333
2021-05-16 18:05:34 Bound to 0.0.0.0:2333
2021-05-16 18:05:34 init message: Loading block index...
2021-05-16 18:05:34 Opening LevelDB in /home/coinbear/.coinbear/blocks/index
2021-05-16 18:05:34 Opened LevelDB successfully
2021-05-16 18:05:34 Opening LevelDB in /home/coinbear/.coinbear/chainstate
2021-05-16 18:05:34 Opened LevelDB successfully
2021-05-16 18:05:34 LoadBlockIndexDB(): last block file = 0
2021-05-16 18:05:34 LoadBlockIndexDB(): transaction index disabled
2021-05-16 18:05:34 Initializing databases...
2021-05-16 18:05:34 81bb0241b5b100112bad163815c998d73a0a81278edc75c1441ce58a9792671c
2021-05-16 18:05:34 12a765e31ffd4059bada1e25190f6e98c99d9714d334efa41a195a7e7e04bfe2
2021-05-16 18:05:34 514f5c17e15c9cc2567d9f36763ee5504f8d604f3e13849589524b8a82d2340e
2021-05-16 18:10:57 



















2021-05-16 18:10:57 Coinbear version v0.8.7.5-unk-beta ()
2021-05-16 18:10:57 Using OpenSSL version OpenSSL 1.0.2n  7 Dec 2017
2021-05-16 18:10:57 Default data directory /home/coinbear/.coinbear
2021-05-16 18:10:57 Using data directory /home/coinbear/.coinbear
2021-05-16 18:10:57 Using at most 125 connections (1024 file descriptors available)
2021-05-16 18:10:57 Using 4 threads for script verification
2021-05-16 18:10:57 init message: Verifying wallet...
2021-05-16 18:10:57 dbenv.open LogDir=/home/coinbear/.coinbear/database ErrorFile=/home/coinbear/.coinbear/db.log
2021-05-16 18:10:57 Bound to [::]:2333
2021-05-16 18:10:57 Bound to 0.0.0.0:2333
2021-05-16 18:10:57 init message: Loading block index...
2021-05-16 18:10:57 Opening LevelDB in /home/coinbear/.coinbear/blocks/index
2021-05-16 18:10:57 Opened LevelDB successfully
2021-05-16 18:10:57 Opening LevelDB in /home/coinbear/.coinbear/chainstate
2021-05-16 18:10:57 Opened LevelDB successfully
2021-05-16 18:10:57 LoadBlockIndexDB(): last block file = 0
2021-05-16 18:10:57 LoadBlockIndexDB(): transaction index disabled
2021-05-16 18:10:57 Initializing databases...
2021-05-16 18:10:57 81bb0241b5b100112bad163815c998d73a0a81278edc75c1441ce58a9792671c
2021-05-16 18:10:57 12a765e31ffd4059bada1e25190f6e98c99d9714d334efa41a195a7e7e04bfe2
2021-05-16 18:10:57 514f5c17e15c9cc2567d9f36763ee5504f8d604f3e13849589524b8a82d2340e
2021-05-16 18:32:06 



















2021-05-16 18:32:06 Coinbear version v0.8.7.5-unk-beta ()
2021-05-16 18:32:06 Using OpenSSL version OpenSSL 1.0.2n  7 Dec 2017
2021-05-16 18:32:06 Default data directory /home/coinbear/.coinbear
2021-05-16 18:32:06 Using data directory /home/coinbear/.coinbear
2021-05-16 18:32:06 Using at most 125 connections (1024 file descriptors available)
2021-05-16 18:32:06 Using 4 threads for script verification
2021-05-16 18:32:06 init message: Verifying wallet...
2021-05-16 18:32:06 dbenv.open LogDir=/home/coinbear/.coinbear/database ErrorFile=/home/coinbear/.coinbear/db.log
2021-05-16 18:32:06 Bound to [::]:2333
2021-05-16 18:32:06 Bound to 0.0.0.0:2333
2021-05-16 18:32:06 init message: Loading block index...
2021-05-16 18:32:06 Opening LevelDB in /home/coinbear/.coinbear/blocks/index
2021-05-16 18:32:06 Opened LevelDB successfully
2021-05-16 18:32:06 Opening LevelDB in /home/coinbear/.coinbear/chainstate
2021-05-16 18:32:06 Opened LevelDB successfully
2021-05-16 18:32:06 LoadBlockIndexDB(): last block file = 0
2021-05-16 18:32:06 LoadBlockIndexDB(): transaction index disabled
2021-05-16 18:32:06 Initializing databases...
2021-05-16 18:32:06 Searching for genesis block...
2021-05-16 18:32:07 nonce 7C3F6000: hash = f5e00c4c301e5738937c20ff21ff46affe15816262967071e7061f999b353942 (target = 00000ffff0000000000000000000000000000000000000000000000000000000)
2021-05-16 18:32:08 nonce 7C3F7000: hash = 5dde93f462dc79a33ef09e9faba3f2228a05c8476e4c4a4a17cd5afd7b5baec8 (target = 00000ffff0000000000000000000000000000000000000000000000000000000)
2021-05-16 18:32:10 nonce 7C3F8000: hash = 5bdf6738b1183555abe8075e37c39c013c8cb99080ac96a3f32b8d49646f580f (target = 00000ffff0000000000000000000000000000000000000000000000000000000)
2021-05-16 18:32:11 nonce 7C3F9000: hash = 4f1a3dccdf01a1ab4370f4ca2417b2235b47c0015be09fab32558040bffc0df3 (target = 00000ffff0000000000000000000000000000000000000000000000000000000)
2021-05-16 18:32:13 nonce 7C3FA000: hash = da60f12cf7ac27c6ab68e49a1be4ccfddf3cf9d95e1e7c47f787bc663c58ea2c (target = 00000ffff0000000000000000000000000000000000000000000000000000000)
2021-05-16 18:32:14 nonce 7C3FB000: hash = 0a3378c97c5fd57e19c2ae584230d05e0bfeb26f7b13bdba238252ffb65a89fe (target = 00000ffff0000000000000000000000000000000000000000000000000000000)
2021-05-16 18:32:15 nonce 7C3FC000: hash = df1d4d82cfdfcea145c8df0e5759d4e69167a29a9bb6fb128253410053a747a0 (target = 00000ffff0000000000000000000000000000000000000000000000000000000)
2021-05-16 18:32:17 nonce 7C3FD000: hash = 50b2c2cbdc0df80dd8c584d1d7d0db8595bac524f51201565decde5e5a0e0611 (target = 00000ffff0000000000000000000000000000000000000000000000000000000)
2021-05-16 18:32:18 nonce 7C3FE000: hash = 3a2159c21507e27391b5955f8b20cd0e3056f8d49b3f054975902393a8276f69 (target = 00000ffff0000000000000000000000000000000000000000000000000000000)
2021-05-16 18:32:20 nonce 7C3FF000: hash = 7e4727590dd7741ac7198abd53b690f1e8db46c29f580c5817833ba6a0d6ecc1 (target = 00000ffff0000000000000000000000000000000000000000000000000000000)
2021-05-16 18:32:21 nonce 7C400000: hash = 237130db389d28519f6af90cf278e4a20977f0eecc06093aaf993982dd84ee4e (target = 00000ffff0000000000000000000000000000000000000000000000000000000)
2021-05-16 18:32:22 nonce 7C401000: hash = e1f1fdc006d421976dc84b104f4ea14c774f64ca5c0e27119ca99c7d4e293a2e (target = 00000ffff0000000000000000000000000000000000000000000000000000000)
2021-05-16 18:32:24 nonce 7C402000: hash = 802e24ac9f637b393cabc520c9b12f8c54b4f9181dfe48fd548d2d536dff83e9 (target = 00000ffff0000000000000000000000000000000000000000000000000000000)
2021-05-16 18:32:25 nonce 7C403000: hash = 8bac66374e5fea3d18c1782e582c1a999ea294ca173869974b43351fd62c8adc (target = 00000ffff0000000000000000000000000000000000000000000000000000000)
2021-05-16 18:32:27 nonce 7C404000: hash = a0996deca17351010c797556d2c1169f4b408d4028c39d152c1ab14167bbca2e (target = 00000ffff0000000000000000000000000000000000000000000000000000000)
2021-05-16 18:32:28 nonce 7C405000: hash = 36d22f5303c14d7631bef9ee644eb1311f3759264d9b8e0726123941972b0dca (target = 00000ffff0000000000000000000000000000000000000000000000000000000)
2021-05-16 18:32:30 nonce 7C406000: hash = c7ad117f91282a57698cb1e18072e46a40c8bd1846959023ad60f983a9f5894a (target = 00000ffff0000000000000000000000000000000000000000000000000000000)
2021-05-16 18:32:31 nonce 7C407000: hash = 5bc8f07d9e9886c52fe71fbb01ecb963aff117c2147761b2bbc406f054790aef (target = 00000ffff0000000000000000000000000000000000000000000000000000000)
2021-05-16 18:32:32 nonce 7C408000: hash = 887048b6cd9c8ccca3748e31786b9c5512c5684f32848c19f31f89f369040e32 (target = 00000ffff0000000000000000000000000000000000000000000000000000000)
2021-05-16 18:32:34 nonce 7C409000: hash = ea1b692837ff9e9cfaac8994bd96684dc3f3bd68d66b5bdf45e3a88b9ca08e48 (target = 00000ffff0000000000000000000000000000000000000000000000000000000)
2021-05-16 18:32:35 nonce 7C40A000: hash = 55dded0bfe8f08ed027f5c9ca561718dfb5471a1cd2b5010b65d1a7242af2c5f (target = 00000ffff0000000000000000000000000000000000000000000000000000000)
2021-05-16 18:32:36 nonce 7C40B000: hash = 24876ef65298dd1b24decabb3de82bdef461645b545f7b41aeb989904c288c3c (target = 00000ffff0000000000000000000000000000000000000000000000000000000)
2021-05-16 18:32:38 nonce 7C40C000: hash = 47bcf7b56c0da04303ccfe3d724b3d96cdde45eecb1c1bc6b344442bf998ad9a (target = 00000ffff0000000000000000000000000000000000000000000000000000000)
2021-05-16 18:32:39 nonce 7C40D000: hash = 56ee78379c4c79cec2012178e25b506f00ed6288bac6e7ff8925908d6708bd2a (target = 00000ffff0000000000000000000000000000000000000000000000000000000)
2021-05-16 18:32:40 nonce 7C40E000: hash = 59461073e69f09acae1d85771bda6f16ce1a2eee0d1da80859376512eb8723bc (target = 00000ffff0000000000000000000000000000000000000000000000000000000)
2021-05-16 18:32:42 nonce 7C40F000: hash = 558b05091181389e3805476fcec3f74b512013272ca7eb365aa5385ec7585678 (target = 00000ffff0000000000000000000000000000000000000000000000000000000)
2021-05-16 18:32:43 nonce 7C410000: hash = aa7111d02de222a56ce55a865157a000b2ba6d20dc6eb90aa030ead3fbc4efb0 (target = 00000ffff0000000000000000000000000000000000000000000000000000000)
2021-05-16 18:32:44 nonce 7C411000: hash = 11de9e854d83eab079a9806eac5ee7f8376bddecd8ff8e5573952b37613e8f24 (target = 00000ffff0000000000000000000000000000000000000000000000000000000)
2021-05-16 18:32:45 nonce 7C412000: hash = cb595b27bdeae318d3bf4a1a1537685b22f20b92656ba3e818d9dd53a1215186 (target = 00000ffff0000000000000000000000000000000000000000000000000000000)
2021-05-16 18:32:47 nonce 7C413000: hash = a7b1fa26537c606d68c4a7e498b42785024251df7cf342493cdc6211d4df37db (target = 00000ffff0000000000000000000000000000000000000000000000000000000)
2021-05-16 18:32:48 nonce 7C414000: hash = 99e528cacd199e42d4b839067e205c21b882ee107ac6b58b64acdf9a3b388cc0 (target = 00000ffff0000000000000000000000000000000000000000000000000000000)
2021-05-16 18:32:49 nonce 7C415000: hash = fd842b1e2b437242186e64d600d9ecb6ba8c1cf5902e7c03526473f086256a5c (target = 00000ffff0000000000000000000000000000000000000000000000000000000)
2021-05-16 18:32:51 nonce 7C416000: hash = dde858c61a81899d918c131ba61ff6e476915fb35ea049da2cae1b9a186d1402 (target = 00000ffff0000000000000000000000000000000000000000000000000000000)
2021-05-16 18:32:52 nonce 7C417000: hash = 5d90ca96a2f3a17e9b2aa2c02f9c6af07e95655924c713329dba448541a62902 (target = 00000ffff0000000000000000000000000000000000000000000000000000000)
2021-05-16 18:32:53 nonce 7C418000: hash = 575d7f28b83b256b058beb2c4ca093f6aaabd85d6774abdf2341faaa90431d4c (target = 00000ffff0000000000000000000000000000000000000000000000000000000)
2021-05-16 18:32:54 nonce 7C419000: hash = 3148c866b34856588b36bb0f85acbc47bb82407abbedb73f075fc6f5f7699f8a (target = 00000ffff0000000000000000000000000000000000000000000000000000000)
2021-05-16 18:32:56 nonce 7C41A000: hash = 1384e4b9541915d2b17bf0de2745eea766b39f06edbc7786b6bf8b57bbea4866 (target = 00000ffff0000000000000000000000000000000000000000000000000000000)
2021-05-16 18:32:57 nonce 7C41B000: hash = 983a0af106542e191102192b34acb437205dbbe87f1ee21d3d8b3eab4a279619 (target = 00000ffff0000000000000000000000000000000000000000000000000000000)
2021-05-16 18:32:58 nonce 7C41C000: hash = 8526a8079da26273b7db3239b3ce683b7ff983d3df98cf9855230b66e95aed37 (target = 00000ffff0000000000000000000000000000000000000000000000000000000)
2021-05-16 18:32:59 nonce 7C41D000: hash = 4d7809be4d8279eb0ecec4db44004a34a25f06e0d4f266ef88c7da4071aa26df (target = 00000ffff0000000000000000000000000000000000000000000000000000000)
2021-05-16 18:33:01 nonce 7C41E000: hash = 6bd86796841cb1dfc13cd86417323a49fc089c4159845caaa8b9f90afaa1f7d1 (target = 00000ffff0000000000000000000000000000000000000000000000000000000)
2021-05-16 18:33:02 nonce 7C41F000: hash = 84f53cb148910e0edd8b97e43f40b1688a8bce551ab30316c87cbf85a1219fc6 (target = 00000ffff0000000000000000000000000000000000000000000000000000000)
2021-05-16 18:33:03 nonce 7C420000: hash = a76f8ed8bb2ea9fd61667c79bcb4a2acdfba203ff2c730a2943b756dbfec18e3 (target = 00000ffff0000000000000000000000000000000000000000000000000000000)
2021-05-16 18:33:05 nonce 7C421000: hash = 61599bf1979df070a412cb5b1c4617dd4edafadc7a8732c18da4515d7d0e67a8 (target = 00000ffff0000000000000000000000000000000000000000000000000000000)
2021-05-16 18:33:06 nonce 7C422000: hash = 26ee303872828569d02ac6e104e206fd041e24ca5355539c6dfe53d98751c0c1 (target = 00000ffff0000000000000000000000000000000000000000000000000000000)
2021-05-16 18:33:07 nonce 7C423000: hash = 6f7353d73a3bb7048c8beea371ff942808a504ff1b92f7a6feb2cedbe2843f94 (target = 00000ffff0000000000000000000000000000000000000000000000000000000)
2021-05-16 18:33:08 nonce 7C424000: hash = bc8c6ae028ce92eded2867e0dd1b29f91d75ce0cdd12be1350b861b80135a86c (target = 00000ffff0000000000000000000000000000000000000000000000000000000)
2021-05-16 18:33:10 nonce 7C425000: hash = 3ffdd311a668b05c6b6ec022c957fca5838fc0c7ae43f3e84fe6df365a8638c4 (target = 00000ffff0000000000000000000000000000000000000000000000000000000)
2021-05-16 18:33:11 nonce 7C426000: hash = 03bf531d7a44ef5cfbd17bbcb3a4f4a58a1d6b3dd7fde4800799e58b3e8d494c (target = 00000ffff0000000000000000000000000000000000000000000000000000000)
2021-05-16 18:33:11 nonce 7C427000: hash = 2a13cda3b9761ff1ff5e6c708ccd6d1336c1582046bbecd2a2a3eaa4315f90d6 (target = 00000ffff0000000000000000000000000000000000000000000000000000000)
2021-05-16 18:33:14 nonce 7C428000: hash = 571bbd00d67827f2b43087fa7bb8525ae548c2e05d0babc923f2009cb0b53885 (target = 00000ffff0000000000000000000000000000000000000000000000000000000)
2021-05-16 18:33:15 nonce 7C429000: hash = eb14edc89983fcca3b65f530fa6fbcf3fd2f5ca39eec205ebeb331fde0d96f82 (target = 00000ffff0000000000000000000000000000000000000000000000000000000)
2021-05-16 18:33:16 nonce 7C42A000: hash = 8bcda06e0ed308a9b852e8b2435af452a08a2441431bf3b6d6157dbee0c8dcb9 (target = 00000ffff0000000000000000000000000000000000000000000000000000000)
2021-05-16 18:33:17 nonce 7C42B000: hash = c5566e83ad7f106f7f73b55d06088538b2141d3bbd601178dcb95b008cc91709 (target = 00000ffff0000000000000000000000000000000000000000000000000000000)
2021-05-16 18:33:19 nonce 7C42C000: hash = e19446c3df7644c8ba2e0b50bad77a7f8988c5c4a4827582cfafa66dae4569ae (target = 00000ffff0000000000000000000000000000000000000000000000000000000)
2021-05-16 18:33:20 nonce 7C42D000: hash = 875d982f4d5bd1e9a0f9277d0cfbbe495069d9d2e0e91058879f74c0d1bff221 (target = 00000ffff0000000000000000000000000000000000000000000000000000000)
2021-05-16 18:33:21 nonce 7C42E000: hash = 185c76f5e28ac34d47211d4ab767e7c7dc82a9f03bf7d9b9b22ba9980918d3c3 (target = 00000ffff0000000000000000000000000000000000000000000000000000000)
2021-05-16 18:33:23 nonce 7C42F000: hash = cfcbcba243ca55966cdb50c531dfc68c250dae3edbe12ba4bbdd469774794dbb (target = 00000ffff0000000000000000000000000000000000000000000000000000000)
2021-05-16 18:33:24 nonce 7C430000: hash = 87dba35a4369c222f684392ec5c769f4015cbaf13b55e11d3d0221ff028611ba (target = 00000ffff0000000000000000000000000000000000000000000000000000000)
2021-05-16 18:33:25 nonce 7C431000: hash = 92da45a50f3a622a7ad9c0951424b243fd10e9862cc388deea8a42d440f0c8ad (target = 00000ffff0000000000000000000000000000000000000000000000000000000)
2021-05-16 18:33:26 nonce 7C432000: hash = c3194d2daa181dd6e40978bb0ab8be1a8d845a3970eb0fe98cebaa93337376e2 (target = 00000ffff0000000000000000000000000000000000000000000000000000000)
2021-05-16 18:33:28 nonce 7C433000: hash = 69b72de3633616e371e26fb39438d51152ca75fa2c9848e1dcc9b14a06a4fbcc (target = 00000ffff0000000000000000000000000000000000000000000000000000000)
2021-05-16 18:33:29 nonce 7C434000: hash = e902fce3595c9258b2a40af403941d4ab0b9c71147a4813de77a21a981661b4b (target = 00000ffff0000000000000000000000000000000000000000000000000000000)
2021-05-16 18:33:30 nonce 7C435000: hash = b09ccd3900645aa062c7a258944675e0ca4c27ffb3c57f789aec7859de6478ce (target = 00000ffff0000000000000000000000000000000000000000000000000000000)
2021-05-16 18:33:31 nonce 7C436000: hash = 5386f42fc12c56b728f0cf945de63344011479ae69e5c5aa46bdcb0bee98be82 (target = 00000ffff0000000000000000000000000000000000000000000000000000000)
2021-05-16 18:33:33 nonce 7C437000: hash = 91c7d8b7cb752e62f4af24a65c2e85b3bf08032da3f6e48c1d7dcae38aa1d287 (target = 00000ffff0000000000000000000000000000000000000000000000000000000)
2021-05-16 18:33:34 nonce 7C438000: hash = 698985b7869b6da15b594066432fe29d0dea32f40fafe88fd63f79e5feaa98b8 (target = 00000ffff0000000000000000000000000000000000000000000000000000000)
2021-05-16 18:33:35 nonce 7C439000: hash = 173b1a5e07c695afcef883d5f2286a95e3abf2f7cd89addc3104cdf6efb83590 (target = 00000ffff0000000000000000000000000000000000000000000000000000000)
2021-05-16 18:33:36 block.nTime = 1621187753 
2021-05-16 18:33:36 block.nNonce = 2084806014 
2021-05-16 18:33:36 block.GetHash = 1be3bbdd64cf6aefa2bd84c1cdb6c3a7e0e0593001df6db9c0cd5620c31feb7f
2021-05-16 18:33:36 1be3bbdd64cf6aefa2bd84c1cdb6c3a7e0e0593001df6db9c0cd5620c31feb7f
2021-05-16 18:33:36 0000000000000000000000000000000000000000000000000000000000000000
2021-05-16 18:33:36 93760092437d40c73022839e668530e432f8031eda7dda6f0d462aba2a361e6e
2021-05-16 18:50:46 



















2021-05-16 18:50:46 Coinbear version v0.8.7.5-unk-beta ()
2021-05-16 18:50:46 Using OpenSSL version OpenSSL 1.0.2n  7 Dec 2017
2021-05-16 18:50:46 Default data directory /home/coinbear/.coinbear
2021-05-16 18:50:46 Using data directory /home/coinbear/.coinbear
2021-05-16 18:50:46 Using at most 125 connections (1024 file descriptors available)
2021-05-16 18:50:46 Using 4 threads for script verification
2021-05-16 18:50:46 init message: Verifying wallet...
2021-05-16 18:50:46 dbenv.open LogDir=/home/coinbear/.coinbear/database ErrorFile=/home/coinbear/.coinbear/db.log
2021-05-16 18:50:46 Bound to [::]:2333
2021-05-16 18:50:46 Bound to 0.0.0.0:2333
2021-05-16 18:50:46 init message: Loading block index...
2021-05-16 18:50:46 Opening LevelDB in /home/coinbear/.coinbear/blocks/index
2021-05-16 18:50:47 Opened LevelDB successfully
2021-05-16 18:50:47 Opening LevelDB in /home/coinbear/.coinbear/chainstate
2021-05-16 18:50:47 Opened LevelDB successfully
2021-05-16 18:50:47 LoadBlockIndexDB(): last block file = 0
2021-05-16 18:50:47 LoadBlockIndexDB(): transaction index disabled
2021-05-16 18:50:47 Initializing databases...
2021-05-16 18:50:47 1be3bbdd64cf6aefa2bd84c1cdb6c3a7e0e0593001df6db9c0cd5620c31feb7f
2021-05-16 18:50:47 1be3bbdd64cf6aefa2bd84c1cdb6c3a7e0e0593001df6db9c0cd5620c31feb7f
2021-05-16 18:50:47 93760092437d40c73022839e668530e432f8031eda7dda6f0d462aba2a361e6e
2021-05-16 18:51:01 



















2021-05-16 18:51:01 Coinbear version v0.8.7.5-unk-beta ()
2021-05-16 18:51:01 Using OpenSSL version OpenSSL 1.0.2n  7 Dec 2017
2021-05-16 18:51:01 Default data directory /home/coinbear/.coinbear
2021-05-16 18:51:01 Using data directory /home/coinbear/.coinbear
2021-05-16 18:51:01 Using at most 125 connections (1024 file descriptors available)
2021-05-16 18:51:01 Using 4 threads for script verification
2021-05-16 18:51:01 init message: Verifying wallet...
2021-05-16 18:51:01 dbenv.open LogDir=/home/coinbear/.coinbear/database ErrorFile=/home/coinbear/.coinbear/db.log
2021-05-16 18:51:01 Bound to [::]:2333
2021-05-16 18:51:01 Bound to 0.0.0.0:2333
2021-05-16 18:51:01 init message: Loading block index...
2021-05-16 18:51:01 Opening LevelDB in /home/coinbear/.coinbear/blocks/index
2021-05-16 18:51:01 Opened LevelDB successfully
2021-05-16 18:51:01 Opening LevelDB in /home/coinbear/.coinbear/chainstate
2021-05-16 18:51:01 Opened LevelDB successfully
2021-05-16 18:51:01 LoadBlockIndexDB(): last block file = 0
2021-05-16 18:51:01 LoadBlockIndexDB(): transaction index disabled
2021-05-16 18:51:01 Initializing databases...
2021-05-16 18:51:01 1be3bbdd64cf6aefa2bd84c1cdb6c3a7e0e0593001df6db9c0cd5620c31feb7f
2021-05-16 18:51:01 1be3bbdd64cf6aefa2bd84c1cdb6c3a7e0e0593001df6db9c0cd5620c31feb7f
2021-05-16 18:51:01 93760092437d40c73022839e668530e432f8031eda7dda6f0d462aba2a361e6e
2021-05-16 18:51:34 



















2021-05-16 18:51:34 Coinbear version v0.8.7.5-unk-beta ()
2021-05-16 18:51:34 Using OpenSSL version OpenSSL 1.0.2n  7 Dec 2017
2021-05-16 18:51:34 Default data directory /home/coinbear/.coinbear
2021-05-16 18:51:34 Using data directory /home/coinbear/.coinbear
2021-05-16 18:51:34 Using at most 125 connections (1024 file descriptors available)
2021-05-16 18:51:34 Using 4 threads for script verification
2021-05-16 18:51:34 init message: Verifying wallet...
2021-05-16 18:51:34 dbenv.open LogDir=/home/coinbear/.coinbear/database ErrorFile=/home/coinbear/.coinbear/db.log
2021-05-16 18:51:34 Bound to [::]:2333
2021-05-16 18:51:34 Bound to 0.0.0.0:2333
2021-05-16 18:51:34 init message: Loading block index...
2021-05-16 18:51:34 Opening LevelDB in /home/coinbear/.coinbear/blocks/index
2021-05-16 18:51:34 Opened LevelDB successfully
2021-05-16 18:51:34 Opening LevelDB in /home/coinbear/.coinbear/chainstate
2021-05-16 18:51:34 Opened LevelDB successfully
2021-05-16 18:51:34 LoadBlockIndexDB(): last block file = 0
2021-05-16 18:51:34 LoadBlockIndexDB(): transaction index disabled
2021-05-16 18:51:34 Initializing databases...
2021-05-16 18:51:34 1be3bbdd64cf6aefa2bd84c1cdb6c3a7e0e0593001df6db9c0cd5620c31feb7f
2021-05-16 18:51:34 1be3bbdd64cf6aefa2bd84c1cdb6c3a7e0e0593001df6db9c0cd5620c31feb7f
2021-05-16 18:51:34 93760092437d40c73022839e668530e432f8031eda7dda6f0d462aba2a361e6e
2021-05-16 18:56:13 



















2021-05-16 18:56:13 Coinbear version v0.8.7.5-unk-beta ()
2021-05-16 18:56:13 Using OpenSSL version OpenSSL 1.0.2n  7 Dec 2017
2021-05-16 18:56:13 Default data directory /home/coinbear/.coinbear
2021-05-16 18:56:13 Using data directory /home/coinbear/.coinbear
2021-05-16 18:56:13 Using at most 125 connections (1024 file descriptors available)
2021-05-16 18:56:13 Using 4 threads for script verification
2021-05-16 18:56:13 init message: Verifying wallet...
2021-05-16 18:56:13 dbenv.open LogDir=/home/coinbear/.coinbear/database ErrorFile=/home/coinbear/.coinbear/db.log
2021-05-16 18:56:13 Bound to [::]:2333
2021-05-16 18:56:13 Bound to 0.0.0.0:2333
2021-05-16 18:56:13 init message: Loading block index...
2021-05-16 18:56:13 Opening LevelDB in /home/coinbear/.coinbear/blocks/index
2021-05-16 18:56:13 Opened LevelDB successfully
2021-05-16 18:56:13 Opening LevelDB in /home/coinbear/.coinbear/chainstate
2021-05-16 18:56:13 Opened LevelDB successfully
2021-05-16 18:56:13 LoadBlockIndexDB(): last block file = 0
2021-05-16 18:56:13 LoadBlockIndexDB(): transaction index disabled
2021-05-16 18:56:13 Initializing databases...
2021-05-16 18:56:13 1be3bbdd64cf6aefa2bd84c1cdb6c3a7e0e0593001df6db9c0cd5620c31feb7f
2021-05-16 18:56:13 1be3bbdd64cf6aefa2bd84c1cdb6c3a7e0e0593001df6db9c0cd5620c31feb7f
2021-05-16 18:56:13 93760092437d40c73022839e668530e432f8031eda7dda6f0d462aba2a361e6e
2021-05-16 19:00:49 



















2021-05-16 19:00:49 Coinbear version v0.8.7.5-unk-beta ()
2021-05-16 19:00:49 Using OpenSSL version OpenSSL 1.0.2n  7 Dec 2017
2021-05-16 19:00:49 Default data directory /home/coinbear/.coinbear
2021-05-16 19:00:49 Using data directory /home/coinbear/.coinbear
2021-05-16 19:00:49 Using at most 125 connections (1024 file descriptors available)
2021-05-16 19:00:49 Using 4 threads for script verification
2021-05-16 19:00:49 init message: Verifying wallet...
2021-05-16 19:00:49 dbenv.open LogDir=/home/coinbear/.coinbear/database ErrorFile=/home/coinbear/.coinbear/db.log
2021-05-16 19:00:49 Bound to [::]:2333
2021-05-16 19:00:49 Bound to 0.0.0.0:2333
2021-05-16 19:00:49 init message: Loading block index...
2021-05-16 19:00:49 Opening LevelDB in /home/coinbear/.coinbear/blocks/index
2021-05-16 19:00:49 Opened LevelDB successfully
2021-05-16 19:00:49 Opening LevelDB in /home/coinbear/.coinbear/chainstate
2021-05-16 19:00:49 Opened LevelDB successfully
2021-05-16 19:00:49 LoadBlockIndexDB(): last block file = 0
2021-05-16 19:00:49 LoadBlockIndexDB(): transaction index disabled
2021-05-16 19:00:49 Initializing databases...
2021-05-16 19:00:49 1be3bbdd64cf6aefa2bd84c1cdb6c3a7e0e0593001df6db9c0cd5620c31feb7f
2021-05-16 19:00:49 1be3bbdd64cf6aefa2bd84c1cdb6c3a7e0e0593001df6db9c0cd5620c31feb7f
2021-05-16 19:00:49 93760092437d40c73022839e668530e432f8031eda7dda6f0d462aba2a361e6e
2021-05-16 19:22:10 



















2021-05-16 19:22:10 Coinbear version v0.8.7.5-unk-beta ()
2021-05-16 19:22:10 Using OpenSSL version OpenSSL 1.0.2n  7 Dec 2017
2021-05-16 19:22:10 Default data directory /home/coinbear/.coinbear
2021-05-16 19:22:10 Using data directory /home/coinbear/.coinbear
2021-05-16 19:22:10 Using at most 125 connections (1024 file descriptors available)
2021-05-16 19:22:10 Using 4 threads for script verification
2021-05-16 19:22:10 init message: Verifying wallet...
2021-05-16 19:22:10 dbenv.open LogDir=/home/coinbear/.coinbear/database ErrorFile=/home/coinbear/.coinbear/db.log
2021-05-16 19:22:10 Bound to [::]:2333
2021-05-16 19:22:10 Bound to 0.0.0.0:2333
2021-05-16 19:22:10 init message: Loading block index...
2021-05-16 19:22:10 Opening LevelDB in /home/coinbear/.coinbear/blocks/index
2021-05-16 19:22:10 Opened LevelDB successfully
2021-05-16 19:22:10 Opening LevelDB in /home/coinbear/.coinbear/chainstate
2021-05-16 19:22:10 Opened LevelDB successfully
2021-05-16 19:22:10 LoadBlockIndexDB(): last block file = 0
2021-05-16 19:22:10 LoadBlockIndexDB(): transaction index disabled
2021-05-16 19:22:10 Initializing databases...
2021-05-16 19:22:10 b0cfead9515717909c4cb9bcd2119e6338a8324d9e88116eb9b56524e099411e
2021-05-16 19:22:10 0000000000000000000000000000000000000000000000000000000000000000
2021-05-16 19:22:10 293756e356a561f7567e3400d7319677037667520fc2138f1a791944292a3458
2021-05-16 19:30:26 



















2021-05-16 19:30:26 Coinbear version v0.8.7.5-unk-beta ()
2021-05-16 19:30:26 Using OpenSSL version OpenSSL 1.0.2n  7 Dec 2017
2021-05-16 19:30:26 Default data directory /home/coinbear/.coinbear
2021-05-16 19:30:26 Using data directory /home/coinbear/.coinbear
2021-05-16 19:30:26 Using at most 125 connections (1024 file descriptors available)
2021-05-16 19:30:26 Using 4 threads for script verification
2021-05-16 19:30:26 init message: Verifying wallet...
2021-05-16 19:30:26 dbenv.open LogDir=/home/coinbear/.coinbear/database ErrorFile=/home/coinbear/.coinbear/db.log
2021-05-16 19:30:26 Bound to [::]:2333
2021-05-16 19:30:26 Bound to 0.0.0.0:2333
2021-05-16 19:30:26 init message: Loading block index...
2021-05-16 19:30:26 Opening LevelDB in /home/coinbear/.coinbear/blocks/index
2021-05-16 19:30:26 Opened LevelDB successfully
2021-05-16 19:30:26 Opening LevelDB in /home/coinbear/.coinbear/chainstate
2021-05-16 19:30:26 Opened LevelDB successfully
2021-05-16 19:30:26 LoadBlockIndexDB(): last block file = 0
2021-05-16 19:30:26 LoadBlockIndexDB(): transaction index disabled
2021-05-16 19:30:26 Initializing databases...
2021-05-16 19:30:26 Searching for genesis block...
2021-05-16 19:30:26 nonce 7C43A000: hash = 444694b847eac1c6f53de59374b505cbbe96ee2f74924ddbd2bf12c3c070434b (target = 00000ffff0000000000000000000000000000000000000000000000000000000)
2021-05-16 19:30:27 nonce 7C43B000: hash = d2b2da95c39a050cbdb08390120659d56f04df4d5275dab0e9d7e6cf5717982d (target = 00000ffff0000000000000000000000000000000000000000000000000000000)
2021-05-16 19:30:29 nonce 7C43C000: hash = 37bca0a68374719f6bbae47c3f5d5ee1ac23b8a47d2cfe4a629f7ea8edb9288b (target = 00000ffff0000000000000000000000000000000000000000000000000000000)
2021-05-16 19:30:30 nonce 7C43D000: hash = 882021ce936b8c503d8aa461b80dc33ee753a037f321f370c5e0e221f5517fd3 (target = 00000ffff0000000000000000000000000000000000000000000000000000000)
2021-05-16 19:30:31 nonce 7C43E000: hash = 53de27a74ac65100ff9f7eef8539c4a463836e37a4cfa0516060ae105c8f81b5 (target = 00000ffff0000000000000000000000000000000000000000000000000000000)
2021-05-16 19:30:33 nonce 7C43F000: hash = 32fb543aab7269d697e2394d1e933ac005c3887f467c600bc3856749ffe81ea2 (target = 00000ffff0000000000000000000000000000000000000000000000000000000)
2021-05-16 19:30:34 nonce 7C440000: hash = 2248148f1d3fe903e4b554a5572aa7cf05531da383449be3fb49879110fcd714 (target = 00000ffff0000000000000000000000000000000000000000000000000000000)
2021-05-16 19:30:36 nonce 7C441000: hash = 8b2b6a35663791fe3b767891104570ee8122efa1d2199a24110d33dcbd3d5cb8 (target = 00000ffff0000000000000000000000000000000000000000000000000000000)
2021-05-16 19:30:36 nonce 7C442000: hash = 40988baa9b7bee032d21e79e6719200102a22000fb32363dfc43e21b3c93be38 (target = 00000ffff0000000000000000000000000000000000000000000000000000000)
2021-05-16 19:30:38 nonce 7C443000: hash = ded8fa0a867fe274818ea2976a9a8d8be1263d6717919a55592798e705d1f425 (target = 00000ffff0000000000000000000000000000000000000000000000000000000)
2021-05-16 19:30:40 nonce 7C444000: hash = 435e84d1e78a5a898fc904ca209bd38843fac8870fdd89d30516025fde4838f4 (target = 00000ffff0000000000000000000000000000000000000000000000000000000)
2021-05-16 19:30:41 nonce 7C445000: hash = c5e3d8c7580b1fa1fb7fbdff1a3607d3f0559b1fc22cbd7d45a6041d1b8047ac (target = 00000ffff0000000000000000000000000000000000000000000000000000000)
2021-05-16 19:30:43 nonce 7C446000: hash = 1645e7be8aff86d0b485f4050cecf21b3dadb085305bf7dc73c6fe83a80e01a3 (target = 00000ffff0000000000000000000000000000000000000000000000000000000)
2021-05-16 19:30:44 nonce 7C447000: hash = 18124512c57064b8335be2aa343b1b002beee9b6f24f9263fc2da9cf3ca047db (target = 00000ffff0000000000000000000000000000000000000000000000000000000)
2021-05-16 19:30:46 nonce 7C448000: hash = 6cc51454f49719ab00c2c0e867329414e13a3a9e24e6bf42c22f0aacfc60699a (target = 00000ffff0000000000000000000000000000000000000000000000000000000)
2021-05-16 19:30:47 nonce 7C449000: hash = 9788e9c0ce04d6d0dfc67fb8549b95183f2ff912817a22761b86ee0d3bfa1361 (target = 00000ffff0000000000000000000000000000000000000000000000000000000)
2021-05-16 19:30:49 nonce 7C44A000: hash = b76fef8fa932836b4904bac00c8467c606b21aa8453d524023377452b503a150 (target = 00000ffff0000000000000000000000000000000000000000000000000000000)
2021-05-16 19:30:50 nonce 7C44B000: hash = 79d0f224dab27d7d76a36148d55d36358f1bc959c8af9e7a170a39f2c894c90d (target = 00000ffff0000000000000000000000000000000000000000000000000000000)
2021-05-16 19:30:52 nonce 7C44C000: hash = e7c0068984f80f8b9544e5cfaf1b1de965b9b2908c6725a5dfdf907a459aadff (target = 00000ffff0000000000000000000000000000000000000000000000000000000)
2021-05-16 19:30:53 nonce 7C44D000: hash = 14aaece5b6dcb6596cbebfcba9c8df14cb671d8a4994f67b8c10b726b7dd1c65 (target = 00000ffff0000000000000000000000000000000000000000000000000000000)
2021-05-16 19:30:55 nonce 7C44E000: hash = 3730a3ebadf4e2ba4d6c9ffc273eed59d5ea29484e9939e33a20a805f8e00e14 (target = 00000ffff0000000000000000000000000000000000000000000000000000000)
2021-05-16 19:30:56 nonce 7C44F000: hash = 7d494a9434cdcc5bc259604ad24c1c925eddb7587647071e123c84d3873c73a5 (target = 00000ffff0000000000000000000000000000000000000000000000000000000)
2021-05-16 19:30:57 nonce 7C450000: hash = dd47cf07dc305d40488b776cacaec429aabb0e2f89ea9a0056aae4b5e1c29600 (target = 00000ffff0000000000000000000000000000000000000000000000000000000)
2021-05-16 19:30:59 nonce 7C451000: hash = ca13461079174df2985af78471e6505f11a4b12fa738e976d8e05d2c07be4e68 (target = 00000ffff0000000000000000000000000000000000000000000000000000000)
2021-05-16 19:31:00 nonce 7C452000: hash = 1c0fdd47732ecc08b17c7550bf991246db1eaac82d3f0572297c52e9474cc2c7 (target = 00000ffff0000000000000000000000000000000000000000000000000000000)
2021-05-16 19:31:02 nonce 7C453000: hash = 66d32f33e77abcf7942d1180ed62c93170cf9f6f030771ab1eb615406bbaaff9 (target = 00000ffff0000000000000000000000000000000000000000000000000000000)
2021-05-16 19:31:03 nonce 7C454000: hash = 164797b3d58728704b0dcfb09357fd76168c4cf52ea060563f93a136998779c5 (target = 00000ffff0000000000000000000000000000000000000000000000000000000)
2021-05-16 19:31:04 nonce 7C455000: hash = 44f98e227f3aa8886fdabc0aa9278e9774a93064af75e8de4509dc67d9d5f4ef (target = 00000ffff0000000000000000000000000000000000000000000000000000000)
2021-05-16 19:31:05 nonce 7C456000: hash = 978d5c32af95e99d7602676ab402534007613f90796f8b7a2e3538288f4aaf83 (target = 00000ffff0000000000000000000000000000000000000000000000000000000)
2021-05-16 19:31:07 nonce 7C457000: hash = c7fab5df48626d074645196b7cd33b67784a0210d7769dbbc0d5a191bb8b0f3f (target = 00000ffff0000000000000000000000000000000000000000000000000000000)
2021-05-16 19:31:08 nonce 7C458000: hash = 700ee84a7c619d583070614ab22dd4ebb12d44b88887bb58f72046e986c9a157 (target = 00000ffff0000000000000000000000000000000000000000000000000000000)
2021-05-16 19:31:10 nonce 7C459000: hash = 53ae0bfab152fc3f14e9a8eaf428ca7941373a8dca2e0ba98889bef554f48c2e (target = 00000ffff0000000000000000000000000000000000000000000000000000000)
2021-05-16 19:31:11 nonce 7C45A000: hash = 65473c2e28b387f9ac6f76b8f0e9d6d72fcefec4aad1cd600f17a80a42316393 (target = 00000ffff0000000000000000000000000000000000000000000000000000000)
2021-05-16 19:31:12 nonce 7C45B000: hash = 49e6eaffe73fd28b4d771e1a42cab7c796c19e197e327750631c79927b4ad6c8 (target = 00000ffff0000000000000000000000000000000000000000000000000000000)
2021-05-16 19:31:14 nonce 7C45C000: hash = 6b54023c32166499cc13db2f1ee7223da037e2963a7fd0d23220363136945d23 (target = 00000ffff0000000000000000000000000000000000000000000000000000000)
2021-05-16 19:31:15 nonce 7C45D000: hash = 1024a38bf39c579b75dc93078dec597726794d914d467019e873ccf77a1c3df9 (target = 00000ffff0000000000000000000000000000000000000000000000000000000)
2021-05-16 19:31:16 nonce 7C45E000: hash = 07cda72b9bf74fe2b5b2ad740487b20a181002ac656c415e060a5843e0a161f3 (target = 00000ffff0000000000000000000000000000000000000000000000000000000)
2021-05-16 19:31:17 nonce 7C45F000: hash = fafad29e2696fb659d23ecf8e7f5a71b08303c9d7faa264ae5cc3b48a3866e9a (target = 00000ffff0000000000000000000000000000000000000000000000000000000)
2021-05-16 19:31:19 nonce 7C460000: hash = 2c7fc3b4da3cfc791fe70b41475bcd3c183e25afe3301127ad84c2967a2d18f7 (target = 00000ffff0000000000000000000000000000000000000000000000000000000)
2021-05-16 19:31:20 nonce 7C461000: hash = e0b670f35b416f8298eb37ecc88f11d9cf2b8570079e2e7b23ee635b88bac546 (target = 00000ffff0000000000000000000000000000000000000000000000000000000)
2021-05-16 19:31:21 nonce 7C462000: hash = 8f081ca98e6032f53a3e97ce2b92d2a9665806ee2073ad13bb221bf29aa3c6ad (target = 00000ffff0000000000000000000000000000000000000000000000000000000)
2021-05-16 19:31:22 nonce 7C463000: hash = f041a3ba58aa0f8b98742bc82ddd4eec5b63b2487760aa953acb86915fb57186 (target = 00000ffff0000000000000000000000000000000000000000000000000000000)
2021-05-16 19:31:24 nonce 7C464000: hash = cc2729c70ba4c1c459cb65ec38fec20c423438b21eacf10473c2ab3edcced78e (target = 00000ffff0000000000000000000000000000000000000000000000000000000)
2021-05-16 19:31:25 nonce 7C465000: hash = e93dd3e818d0a35f1b8f1a998f1f90c94d70a236063cf373ccb96e39dcaa373a (target = 00000ffff0000000000000000000000000000000000000000000000000000000)
2021-05-16 19:31:27 nonce 7C466000: hash = 3b5ef3319c11e78411107fbd0a4161ac4affc5f8a5a37f95addda5f7be9b4aa1 (target = 00000ffff0000000000000000000000000000000000000000000000000000000)
2021-05-16 19:31:28 nonce 7C467000: hash = 771f830338d94b268e78a2cdc2e65c7f20cc1252a61007ca349f31e4b86765ad (target = 00000ffff0000000000000000000000000000000000000000000000000000000)
2021-05-16 19:31:29 nonce 7C468000: hash = d853d08ec1cf3c8bab5c63ca42a01e804a1640746097ee9c0b47292bb1db54e0 (target = 00000ffff0000000000000000000000000000000000000000000000000000000)
2021-05-16 19:31:30 nonce 7C469000: hash = aabf6856928c49c07b5f55544d3aa8e6584f7665dd2b76bcbcb798fa70f943a1 (target = 00000ffff0000000000000000000000000000000000000000000000000000000)
2021-05-16 19:31:32 nonce 7C46A000: hash = 44c1771e44caffc190613a244e4e2617d21f79d21e569d748a1b6864ec63a782 (target = 00000ffff0000000000000000000000000000000000000000000000000000000)
2021-05-16 19:31:33 nonce 7C46B000: hash = 63ed73e39837f4f1d623b352f86b86ed70659bd97e71c4ebb1865b904a0c4718 (target = 00000ffff0000000000000000000000000000000000000000000000000000000)
2021-05-16 19:31:35 nonce 7C46C000: hash = 967acfc80fa9430bbf2a7b7c49872ecc272535eca1c109dbc88577eff44889e3 (target = 00000ffff0000000000000000000000000000000000000000000000000000000)
2021-05-16 19:31:36 nonce 7C46D000: hash = 69e72f59824c6d525184cf4e4ac8b63ee084e1c2e74aa83684ac4988dade6f10 (target = 00000ffff0000000000000000000000000000000000000000000000000000000)
2021-05-16 19:31:38 nonce 7C46E000: hash = 045b76a30680ca67345e69942c0895010a97e25092dadaa6cc85c8e4b2a3f0d8 (target = 00000ffff0000000000000000000000000000000000000000000000000000000)
2021-05-16 19:31:39 nonce 7C46F000: hash = c4df01f719452a504f99872b40d9622bfdb44d3e541825a1b412acb0306a8c6f (target = 00000ffff0000000000000000000000000000000000000000000000000000000)
2021-05-16 19:31:40 nonce 7C470000: hash = cfee4da6aa285d59091756fb5a296f3050fb7821de6d51ba8fa487b8327b8635 (target = 00000ffff0000000000000000000000000000000000000000000000000000000)
2021-05-16 19:31:42 nonce 7C471000: hash = ae3337b299e17de3fb3ef40e484500ab3cd5d45fa004fe0767ce0021b669d6f6 (target = 00000ffff0000000000000000000000000000000000000000000000000000000)
2021-05-16 19:31:43 nonce 7C472000: hash = a895d67d6154c8ceb7db892febdd3d2989bf6af701daf6fe6a1261b72869244b (target = 00000ffff0000000000000000000000000000000000000000000000000000000)
2021-05-16 19:31:45 nonce 7C473000: hash = 24881509e739b598f3634553e62759dd9c367165a03e8d4c8c3fde960c3efc1b (target = 00000ffff0000000000000000000000000000000000000000000000000000000)
2021-05-16 19:31:46 nonce 7C474000: hash = 950dd593c5020bea8dfd09c7a38d08dd62c8d2106bfa9a11e6dbd59ac70af605 (target = 00000ffff0000000000000000000000000000000000000000000000000000000)
2021-05-16 19:31:48 nonce 7C475000: hash = 32ee1e84e17efe056dde578bace5a8a6d37e9055ca69b2efc755a6838cef624b (target = 00000ffff0000000000000000000000000000000000000000000000000000000)
2021-05-16 19:31:49 nonce 7C476000: hash = cb2b3b01156067cd9f1cb129b7ab9554a2063523721b31d86cbc857874283de2 (target = 00000ffff0000000000000000000000000000000000000000000000000000000)
2021-05-16 19:31:51 nonce 7C477000: hash = e983c11962e44ba5cba3f5ccd31b6e68189aa2a70fd90b3e318b6bc81fdb4c93 (target = 00000ffff0000000000000000000000000000000000000000000000000000000)
2021-05-16 19:31:52 nonce 7C478000: hash = c62e69fddd62db98c67cb52b34f8d9b4a92c0032fb8fd50656679ae61ed6ae0e (target = 00000ffff0000000000000000000000000000000000000000000000000000000)
2021-05-16 19:31:54 nonce 7C479000: hash = 2c3a489b53f75a7abee62b55b4b7af17047c8db836025aeba5231a3f5642c170 (target = 00000ffff0000000000000000000000000000000000000000000000000000000)
2021-05-16 19:31:55 nonce 7C47A000: hash = e03f041b7fae7837f2aeda6d0ada47ea639bc6c016423a796d9fd3081352562f (target = 00000ffff0000000000000000000000000000000000000000000000000000000)
2021-05-16 19:31:56 nonce 7C47B000: hash = da8069efc7b40925591671d82087e004dfefe2f62130a341c2eef8bae3ebe96b (target = 00000ffff0000000000000000000000000000000000000000000000000000000)
2021-05-16 19:31:57 nonce 7C47C000: hash = 2b56f410da754449d63a8e6c2384535d87437124c0a94e7445c5e114d6b54866 (target = 00000ffff0000000000000000000000000000000000000000000000000000000)
2021-05-16 19:31:59 nonce 7C47D000: hash = b0c47f6eb5569222e1925d2ff64a7e129ead700df66b001f7b7674c2cd378a59 (target = 00000ffff0000000000000000000000000000000000000000000000000000000)
2021-05-16 19:32:01 nonce 7C47E000: hash = 4e660d9830f6e03997fa49d8a9f4da1691356aff0f5588bd21b50dfcd9e67264 (target = 00000ffff0000000000000000000000000000000000000000000000000000000)
2021-05-16 19:32:02 nonce 7C47F000: hash = 4507aa15124d915e6164a27423000280d5f3a9312699ff684ea758db9576637d (target = 00000ffff0000000000000000000000000000000000000000000000000000000)
2021-05-16 19:32:03 nonce 7C480000: hash = 2398f2a08104f4c075ad0fb9dd288e4fa49b7bf7e2c0a98b930a08576fade2d1 (target = 00000ffff0000000000000000000000000000000000000000000000000000000)
2021-05-16 19:32:05 nonce 7C481000: hash = 9081f080d273637df3fbdd297ea9f179b01588b285503660260b6e78520e5d97 (target = 00000ffff0000000000000000000000000000000000000000000000000000000)
2021-05-16 19:32:06 nonce 7C482000: hash = aa43727b9ce52fb4ad1ac4e47c592ff4bbde0041c92f6fdd0af364826b3afacb (target = 00000ffff0000000000000000000000000000000000000000000000000000000)
2021-05-16 19:32:08 nonce 7C483000: hash = 3e778b4de52e5105f20b9dff38b64989fdb46b1d67a9a526c6951a3f7fd41e23 (target = 00000ffff0000000000000000000000000000000000000000000000000000000)
2021-05-16 19:32:09 nonce 7C484000: hash = d98a7a09ca3f02503822d1a8f0a6b8a7472e1f5f29792f50f5e741c6769e6d40 (target = 00000ffff0000000000000000000000000000000000000000000000000000000)
2021-05-16 19:32:11 nonce 7C485000: hash = 9b66274f3e243568964314ee6216e957fa3854c179cd237515926d3aba75a9ea (target = 00000ffff0000000000000000000000000000000000000000000000000000000)
2021-05-16 19:32:13 nonce 7C486000: hash = 5839f676f9107d539876a3b280b4c90ed38649f09dcebdf8822fcbcd16b41bc2 (target = 00000ffff0000000000000000000000000000000000000000000000000000000)
2021-05-16 19:32:14 nonce 7C487000: hash = 04b144c51dec4c951763657d65c47ca41a752684049c48e378dfd2b7a595b44c (target = 00000ffff0000000000000000000000000000000000000000000000000000000)
2021-05-16 19:32:15 nonce 7C488000: hash = fcd324872c00467c50820ff38d5e8256a8407154b29db7b69615aa38b5e1b9cf (target = 00000ffff0000000000000000000000000000000000000000000000000000000)
2021-05-16 19:32:17 nonce 7C489000: hash = a5e28033edc20a0671ba78850319ee316a13141a61524613ef1d38e6e06ec0fd (target = 00000ffff0000000000000000000000000000000000000000000000000000000)
2021-05-16 19:32:18 nonce 7C48A000: hash = 62a63840626be03693437984e58bc6af3a2618e5a3efcdd9bccf13f37e2fa352 (target = 00000ffff0000000000000000000000000000000000000000000000000000000)
2021-05-16 19:32:20 nonce 7C48B000: hash = 308c34658a2e692ec08920f7e6e571158a5ebd0de371a2c5a99fb071fef75a11 (target = 00000ffff0000000000000000000000000000000000000000000000000000000)
2021-05-16 19:32:21 nonce 7C48C000: hash = 2a92381c4df13d3223524669a9d9aa9f64f29df847aa2c0c5e10e33231d73cd3 (target = 00000ffff0000000000000000000000000000000000000000000000000000000)
2021-05-16 19:32:23 nonce 7C48D000: hash = 7ec6aa738925b140bf75519f2240f1d83166a87cfc58c0b5ebe52703a06dac49 (target = 00000ffff0000000000000000000000000000000000000000000000000000000)
2021-05-16 19:32:24 nonce 7C48E000: hash = 005a54d9bed9a1c82e5966eb2fdf56e31fdf617e7e6d68fe23169eeae065ec8a (target = 00000ffff0000000000000000000000000000000000000000000000000000000)
2021-05-16 19:32:25 nonce 7C48F000: hash = 9ab68c2211c09a331ba750437bf23f851e5c302e599c4f190509b38fa615f195 (target = 00000ffff0000000000000000000000000000000000000000000000000000000)
2021-05-16 19:32:27 nonce 7C490000: hash = 73be51e9abca175fc203965c1780103355050effbf1770f3bb9197e781ba09f4 (target = 00000ffff0000000000000000000000000000000000000000000000000000000)
2021-05-16 19:32:28 nonce 7C491000: hash = a6a5bda9f3eb7f588abc5813c2581d0fbaf525efd079f374fcfb6eabe5f532f2 (target = 00000ffff0000000000000000000000000000000000000000000000000000000)
2021-05-16 19:32:29 block.nTime = 1621191881 
2021-05-16 19:32:29 block.nNonce = 2085165537 
2021-05-16 19:32:29 block.GetHash = d11b79dfac4fc56fdb79f045c92997e08219dcfdb9bd97936e4eb376fe7f2a5c
2021-05-16 19:32:29 d11b79dfac4fc56fdb79f045c92997e08219dcfdb9bd97936e4eb376fe7f2a5c
2021-05-16 19:32:29 0000000000000000000000000000000000000000000000000000000000000000
2021-05-16 19:32:29 293756e356a561f7567e3400d7319677037667520fc2138f1a791944292a3458
2021-05-16 19:32:29 CBlock(hash=d11b79dfac4fc56fdb79f045c92997e08219dcfdb9bd97936e4eb376fe7f2a5c, input=01000000000000000000000000000000000000000000000000000000000000000000000058342a294419791a8f13c20f52677603779631d700347e56f761a556e3563729c96ca160f0ff0f1ee119497c, PoW=00000ed86f71d25c3a1a6cb430c752c9ee68fa74739b890d669883b0c0f1373c, ver=1, hashPrevBlock=0000000000000000000000000000000000000000000000000000000000000000, hashMerkleRoot=293756e356a561f7567e3400d7319677037667520fc2138f1a791944292a3458, nTime=1621191881, nBits=1e0ffff0, nNonce=2085165537, vtx=1)
2021-05-16 19:32:29   CTransaction(hash=293756e356a561f7567e3400d7319677037667520fc2138f1a791944292a3458, ver=1, vin.size=1, vout.size=1, nLockTime=0)
    CTxIn(COutPoint(0000000000000000000000000000000000000000000000000000000000000000, 4294967295), coinbase 04ffff001d01044b2030352f31362f32303231204e6f6c616e20616e642068697320436f696e4265617220434f5649442d31392050616e64656d69634361736573203136323539303531342050656f706c6520)
    CTxOut(nValue=25.00000000, scriptPubKey=04e523b529358a8548a3e3176b8f2b)
  vMerkleTree: 293756e356a561f7567e3400d7319677037667520fc2138f1a791944292a3458 
2021-05-17 05:02:20 



















2021-05-17 05:02:20 Coinbear version v0.8.7.5-unk-beta ()
2021-05-17 05:02:20 Using OpenSSL version OpenSSL 1.0.2n  7 Dec 2017
2021-05-17 05:02:20 Default data directory /home/coinbear/.coinbear
2021-05-17 05:02:20 Using data directory /home/coinbear/.coinbear
2021-05-17 05:02:20 Using at most 125 connections (1024 file descriptors available)
2021-05-17 05:02:20 Using 4 threads for script verification
2021-05-17 05:02:20 init message: Verifying wallet...
2021-05-17 05:02:20 dbenv.open LogDir=/home/coinbear/.coinbear/database ErrorFile=/home/coinbear/.coinbear/db.log
2021-05-17 05:02:20 Bound to [::]:2333
2021-05-17 05:02:20 Bound to 0.0.0.0:2333
2021-05-17 05:02:20 init message: Loading block index...
2021-05-17 05:02:20 Opening LevelDB in /home/coinbear/.coinbear/blocks/index
2021-05-17 05:02:20 Opened LevelDB successfully
2021-05-17 05:02:20 Opening LevelDB in /home/coinbear/.coinbear/chainstate
2021-05-17 05:02:20 Opened LevelDB successfully
2021-05-17 05:02:20 LoadBlockIndexDB(): last block file = 0
2021-05-17 05:02:20 LoadBlockIndexDB(): transaction index disabled
2021-05-17 05:02:20 Initializing databases...
2021-05-17 05:02:20 d11b79dfac4fc56fdb79f045c92997e08219dcfdb9bd97936e4eb376fe7f2a5c
2021-05-17 05:02:20 d11b79dfac4fc56fdb79f045c92997e08219dcfdb9bd97936e4eb376fe7f2a5c
2021-05-17 05:02:20 293756e356a561f7567e3400d7319677037667520fc2138f1a791944292a3458
2021-05-17 05:02:20 CBlock(hash=d11b79dfac4fc56fdb79f045c92997e08219dcfdb9bd97936e4eb376fe7f2a5c, input=01000000000000000000000000000000000000000000000000000000000000000000000058342a294419791a8f13c20f52677603779631d700347e56f761a556e3563729c96ca160f0ff0f1ee119497c, PoW=00000ed86f71d25c3a1a6cb430c752c9ee68fa74739b890d669883b0c0f1373c, ver=1, hashPrevBlock=0000000000000000000000000000000000000000000000000000000000000000, hashMerkleRoot=293756e356a561f7567e3400d7319677037667520fc2138f1a791944292a3458, nTime=1621191881, nBits=1e0ffff0, nNonce=2085165537, vtx=1)
2021-05-17 05:02:20   CTransaction(hash=293756e356a561f7567e3400d7319677037667520fc2138f1a791944292a3458, ver=1, vin.size=1, vout.size=1, nLockTime=0)
    CTxIn(COutPoint(0000000000000000000000000000000000000000000000000000000000000000, 4294967295), coinbase 04ffff001d01044b2030352f31362f32303231204e6f6c616e20616e642068697320436f696e4265617220434f5649442d31392050616e64656d69634361736573203136323539303531342050656f706c6520)
    CTxOut(nValue=25.00000000, scriptPubKey=04e523b529358a8548a3e3176b8f2b)
  vMerkleTree: 293756e356a561f7567e3400d7319677037667520fc2138f1a791944292a3458 
2021-05-17 05:02:20 Pre-allocating up to position 0x1000000 in blk00000.dat
2021-05-17 05:02:20 SetBestChain: new best=d11b79dfac4fc56fdb79f045c92997e08219dcfdb9bd97936e4eb376fe7f2a5c  height=0  log2_work=20.000022  tx=1  date=2021-05-16 19:04:41 progress=0.107519
2021-05-17 05:02:20 init message: Verifying blocks...
2021-05-17 05:02:20  block index             583ms
2021-05-17 05:02:20 init message: Loading wallet...
2021-05-17 05:02:21 nFileVersion = 80705
2021-05-17 05:02:21 Performing wallet upgrade to 60000
2021-05-17 05:02:21 keypool added key 1, size=1
2021-05-17 05:02:21 keypool added key 2, size=2
2021-05-17 05:02:21 keypool added key 3, size=3
2021-05-17 05:02:21 keypool added key 4, size=4
2021-05-17 05:02:21 keypool added key 5, size=5
2021-05-17 05:02:21 keypool added key 6, size=6
2021-05-17 05:02:21 keypool added key 7, size=7
2021-05-17 05:02:21 keypool added key 8, size=8
2021-05-17 05:02:21 keypool added key 9, size=9
2021-05-17 05:02:21 keypool added key 10, size=10
2021-05-17 05:02:21 keypool added key 11, size=11
2021-05-17 05:02:21 keypool added key 12, size=12
2021-05-17 05:02:21 keypool added key 13, size=13
2021-05-17 05:02:22 keypool added key 14, size=14
2021-05-17 05:02:22 keypool added key 15, size=15
2021-05-17 05:02:22 keypool added key 16, size=16
2021-05-17 05:02:22 keypool added key 17, size=17
2021-05-17 05:02:22 keypool added key 18, size=18
2021-05-17 05:02:22 keypool added key 19, size=19
2021-05-17 05:02:22 keypool added key 20, size=20
2021-05-17 05:02:22 keypool added key 21, size=21
2021-05-17 05:02:22 keypool added key 22, size=22
2021-05-17 05:02:22 keypool added key 23, size=23
2021-05-17 05:02:22 keypool added key 24, size=24
2021-05-17 05:02:22 keypool added key 25, size=25
2021-05-17 05:02:22 keypool added key 26, size=26
2021-05-17 05:02:22 keypool added key 27, size=27
2021-05-17 05:02:23 keypool added key 28, size=28
2021-05-17 05:02:23 keypool added key 29, size=29
2021-05-17 05:02:23 keypool added key 30, size=30
2021-05-17 05:02:23 keypool added key 31, size=31
2021-05-17 05:02:23 keypool added key 32, size=32
2021-05-17 05:02:23 keypool added key 33, size=33
2021-05-17 05:02:23 keypool added key 34, size=34
2021-05-17 05:02:23 keypool added key 35, size=35
2021-05-17 05:02:23 keypool added key 36, size=36
2021-05-17 05:02:23 keypool added key 37, size=37
2021-05-17 05:02:23 keypool added key 38, size=38
2021-05-17 05:02:23 keypool added key 39, size=39
2021-05-17 05:02:23 keypool added key 40, size=40
2021-05-17 05:02:23 keypool added key 41, size=41
2021-05-17 05:02:23 keypool added key 42, size=42
2021-05-17 05:02:23 keypool added key 43, size=43
2021-05-17 05:02:23 keypool added key 44, size=44
2021-05-17 05:02:23 keypool added key 45, size=45
2021-05-17 05:02:23 keypool added key 46, size=46
2021-05-17 05:02:23 keypool added key 47, size=47
2021-05-17 05:02:23 keypool added key 48, size=48
2021-05-17 05:02:23 keypool added key 49, size=49
2021-05-17 05:02:23 keypool added key 50, size=50
2021-05-17 05:02:24 keypool added key 51, size=51
2021-05-17 05:02:24 keypool added key 52, size=52
2021-05-17 05:02:24 keypool added key 53, size=53
2021-05-17 05:02:24 keypool added key 54, size=54
2021-05-17 05:02:24 keypool added key 55, size=55
2021-05-17 05:02:24 keypool added key 56, size=56
2021-05-17 05:02:24 keypool added key 57, size=57
2021-05-17 05:02:24 keypool added key 58, size=58
2021-05-17 05:02:24 keypool added key 59, size=59
2021-05-17 05:02:24 keypool added key 60, size=60
2021-05-17 05:02:24 keypool added key 61, size=61
2021-05-17 05:02:24 keypool added key 62, size=62
2021-05-17 05:02:25 keypool added key 63, size=63
2021-05-17 05:02:25 keypool added key 64, size=64
2021-05-17 05:02:25 keypool added key 65, size=65
2021-05-17 05:02:25 keypool added key 66, size=66
2021-05-17 05:02:25 keypool added key 67, size=67
2021-05-17 05:02:25 keypool added key 68, size=68
2021-05-17 05:02:25 keypool added key 69, size=69
2021-05-17 05:02:25 keypool added key 70, size=70
2021-05-17 05:02:25 keypool added key 71, size=71
2021-05-17 05:02:25 keypool added key 72, size=72
2021-05-17 05:02:25 keypool added key 73, size=73
2021-05-17 05:02:25 keypool added key 74, size=74
2021-05-17 05:02:25 keypool added key 75, size=75
2021-05-17 05:02:25 keypool added key 76, size=76
2021-05-17 05:02:25 keypool added key 77, size=77
2021-05-17 05:02:25 keypool added key 78, size=78
2021-05-17 05:02:25 keypool added key 79, size=79
2021-05-17 05:02:25 keypool added key 80, size=80
2021-05-17 05:02:25 keypool added key 81, size=81
2021-05-17 05:02:25 keypool added key 82, size=82
2021-05-17 05:02:25 keypool added key 83, size=83
2021-05-17 05:02:25 keypool added key 84, size=84
2021-05-17 05:02:25 keypool added key 85, size=85
2021-05-17 05:02:25 keypool added key 86, size=86
2021-05-17 05:02:25 keypool added key 87, size=87
2021-05-17 05:02:25 keypool added key 88, size=88
2021-05-17 05:02:25 keypool added key 89, size=89
2021-05-17 05:02:25 keypool added key 90, size=90
2021-05-17 05:02:25 keypool added key 91, size=91
2021-05-17 05:02:26 keypool added key 92, size=92
2021-05-17 05:02:26 keypool added key 93, size=93
2021-05-17 05:02:26 keypool added key 94, size=94
2021-05-17 05:02:26 keypool added key 95, size=95
2021-05-17 05:02:26 keypool added key 96, size=96
2021-05-17 05:02:26 keypool added key 97, size=97
2021-05-17 05:02:26 keypool added key 98, size=98
2021-05-17 05:02:26 keypool added key 99, size=99
2021-05-17 05:02:26 keypool added key 100, size=100
2021-05-17 05:02:26 keypool added key 101, size=101
2021-05-17 05:02:26 keypool reserve 1
2021-05-17 05:02:27 keypool keep 1
2021-05-17 05:02:27  wallet                 6283ms
2021-05-17 05:02:27 init message: Loading addresses...
2021-05-17 05:02:27 ERROR: CAddrman::Read() : open failed
2021-05-17 05:02:27 Invalid or missing peers.dat; recreating
2021-05-17 05:02:27 Loaded 0 addresses from peers.dat  0ms
2021-05-17 05:02:27 mapBlockIndex.size() = 1
2021-05-17 05:02:27 nBestHeight = 0
2021-05-17 05:02:27 setKeyPool.size() = 100
2021-05-17 05:02:27 mapWallet.size() = 0
2021-05-17 05:02:27 mapAddressBook.size() = 1
2021-05-17 05:02:27 dnsseed thread start
2021-05-17 05:02:27 Loading addresses from DNS seeds (could take a while)
2021-05-17 05:02:27 0 addresses found from DNS seeds
2021-05-17 05:02:27 dnsseed thread exit
2021-05-17 05:02:27 upnp thread start
2021-05-17 05:02:27 net thread start
2021-05-17 05:02:27 init message: Done loading
2021-05-17 05:02:27 addcon thread start
2021-05-17 05:02:27 msghand thread start
2021-05-17 05:02:27 dumpaddr thread start
2021-05-17 05:02:27 opencon thread start
2021-05-17 05:02:27 refreshWallet
2021-05-17 05:02:32 connection timeout
2021-05-17 05:02:32 ERROR: GetMyExternalIP() : connection to 91.198.22.70:80 failed
2021-05-17 05:02:32 GetMyExternalIP() received [172.115.225.170] 172.115.225.170:0
2021-05-17 05:02:32 GetMyExternalIP() returned 172.115.225.170
2021-05-17 05:02:32 AddLocal(172.115.225.170:2333,4)
2021-05-17 05:02:35 No valid UPnP IGDs found
2021-05-17 05:02:35 upnp thread exit
2021-05-17 05:04:36 keypool added key 102, size=101
2021-05-17 05:04:36 keypool reserve 2
2021-05-17 05:04:36 keypool keep 2
2021-05-17 05:04:36 NotifyAddressBookChanged CMyC79P9Gwqs9xKCCEHkkhivoRGXxBNdSc test isMine=1 status=0
2021-05-17 05:04:39 Flushing wallet.dat
2021-05-17 05:04:39 Flushed wallet.dat 77ms
2021-05-17 05:05:03 addcon thread interrupt
2021-05-17 05:05:03 opencon thread interrupt
2021-05-17 05:05:03 msghand thread interrupt
2021-05-17 05:05:03 dumpaddr thread stop
2021-05-17 05:05:03 net thread interrupt
2021-05-17 05:05:03 Shutdown : In progress...
2021-05-17 05:05:03 Flush(false)
2021-05-17 05:05:03 DBFlush(false) ended               0ms
2021-05-17 05:05:03 StopNode()
2021-05-17 05:05:04 Flushed 0 addresses to peers.dat  53ms
2021-05-17 05:05:04 Committing 0 changed transactions to coin database...
2021-05-17 05:05:04 Flush(true)
2021-05-17 05:05:04 wallet.dat refcount=0
2021-05-17 05:05:04 wallet.dat checkpoint
2021-05-17 05:05:04 wallet.dat detach
2021-05-17 05:05:04 wallet.dat closed
2021-05-17 05:05:04 DBFlush(true) ended              47ms
2021-05-17 05:05:04 Shutdown : done
